02:55:08.606 [go] Job Started: 2015-10-30 02:55:08 UTC

02:55:08.606 [go] Start to prepare config-api/2/code_analysis/1/sonar_analysis on 05f6957dbfe0 [/var/lib/go-agent]
02:55:08.620 [go] Start to update materials.

02:55:08.620 [go] Start updating files at revision ee3ceb8f1ff2329d572ce782582d442272655114 from git@github.com:twconsultants/leanswdev.git
02:55:08.826 [GIT] Fetch and reset in working directory pipelines/config-api
02:55:08.827 [GIT] Cleaning all unversioned files in working copy
02:55:09.030 [GIT] Cleaning submodule configurations in .git/config
02:55:09.133 [GIT] Fetching changes
02:55:12.054 [GIT] Performing git gc
02:55:12.156 [GIT] Updating working copy to revision ee3ceb8f1ff2329d572ce782582d442272655114
02:55:12.295 HEAD is now at ee3ceb8 ./bn clean时使用离线模式，避免从google.code下载更新
02:55:12.396 [GIT] Removing modified files in submodules
02:55:12.474 [GIT] Cleaning all unversioned files in working copy
02:55:12.683 [go] Done.

02:55:12.700 [go] Start to build config-api/2/code_analysis/1/sonar_analysis on 05f6957dbfe0 [/var/lib/go-agent]
02:55:12.701 [go] Current job status: passed.

02:55:12.701 [go] Start to execute task: <exec command="mvn" workingdir="gocd/config/config-api" >
<arg>sonar:sonar</arg>
</exec>.
02:55:12.702 [go] setting environment variable 'GO_SERVER_URL' to value 'https://goserver:8154/go/'
02:55:12.703 [go] setting environment variable 'GO_TRIGGER_USER' to value 'anonymous'
02:55:12.703 [go] setting environment variable 'GO_PIPELINE_NAME' to value 'config-api'
02:55:12.704 [go] setting environment variable 'GO_PIPELINE_COUNTER' to value '2'
02:55:12.704 [go] setting environment variable 'GO_PIPELINE_LABEL' to value '2'
02:55:12.704 [go] setting environment variable 'GO_STAGE_NAME' to value 'code_analysis'
02:55:12.705 [go] setting environment variable 'GO_STAGE_COUNTER' to value '1'
02:55:12.705 [go] setting environment variable 'GO_JOB_NAME' to value 'sonar_analysis'
02:55:12.706 [go] setting environment variable 'GO_REVISION' to value 'ee3ceb8f1ff2329d572ce782582d442272655114'
02:55:12.706 [go] setting environment variable 'GO_TO_REVISION' to value 'ee3ceb8f1ff2329d572ce782582d442272655114'
02:55:12.707 [go] setting environment variable 'GO_FROM_REVISION' to value 'ee3ceb8f1ff2329d572ce782582d442272655114'
02:55:15.173 [ERROR] Could not create local repository at /var/go/.m2/repository -> [Help 1]
02:55:15.173 [ERROR] 
02:55:15.174 [ERROR] To see the full stack trace of the errors, re-run Maven with the -e switch.
02:55:15.174 [ERROR] Re-run Maven using the -X switch to enable full debug logging.
02:55:15.174 [ERROR] 
02:55:15.175 [ERROR] For more information about the errors and possible solutions, please read the following articles:
02:55:15.175 [ERROR] [Help 1] http://cwiki.apache.org/confluence/display/MAVEN/LocalRepositoryNotAccessibleException
02:55:15.215 [go] Current job status: failed.

02:55:15.227 [go] Start to create properties config-api/2/code_analysis/1/sonar_analysis on 05f6957dbfe0 [/var/lib/go-agent]
02:55:15.227 [go] Start to upload config-api/2/code_analysis/1/sonar_analysis on 05f6957dbfe0 [/var/lib/go-agent]
02:55:15.269 [go] Job completed config-api/2/code_analysis/1/sonar_analysis on 05f6957dbfe0 [/var/lib/go-agent]
